--- Logging error ---
Traceback (most recent call last):
  File "C:\Users\jaideepvm\AppData\Local\Programs\Python\Python312\Lib\logging\__init__.py", line 1163, in emit
    stream.write(msg + self.terminator)
  File "C:\Users\jaideepvm\AppData\Local\Programs\Python\Python312\Lib\encodings\cp1252.py", line 19, in encode
    return codecs.charmap_encode(input,self.errors,encoding_table)[0]
           ^^^^^^^^^^^^^^^^^^^^^^^^^^^^^^^^^^^^^^^^^^^^^^^^^^^^^^^
UnicodeEncodeError: 'charmap' codec can't encode character '\U0001f680' in position 40: character maps to <undefined>
Call stack:
  File "<frozen runpy>", line 198, in _run_module_as_main
  File "<frozen runpy>", line 88, in _run_code
  File "D:\Projects-D\pepsi-final3\rag_new\rag_system\src\main_managed.py", line 230, in <module>
    main()
  File "D:\Projects-D\pepsi-final3\rag_new\rag_system\src\main_managed.py", line 218, in main
    managed_system.run_server(host=host, port=port)
  File "D:\Projects-D\pepsi-final3\rag_new\rag_system\src\main_managed.py", line 172, in run_server
    server.run()
  File "C:\Users\jaideepvm\AppData\Local\Programs\Python\Python312\Lib\site-packages\uvicorn\server.py", line 66, in run
    return asyncio.run(self.serve(sockets=sockets))
  File "C:\Users\jaideepvm\AppData\Local\Programs\Python\Python312\Lib\asyncio\runners.py", line 195, in run
    return runner.run(main)
  File "C:\Users\jaideepvm\AppData\Local\Programs\Python\Python312\Lib\asyncio\runners.py", line 118, in run
    return self._loop.run_until_complete(task)
  File "C:\Users\jaideepvm\AppData\Local\Programs\Python\Python312\Lib\asyncio\base_events.py", line 678, in run_until_complete
    self.run_forever()
  File "C:\Users\jaideepvm\AppData\Local\Programs\Python\Python312\Lib\asyncio\windows_events.py", line 322, in run_forever
    super().run_forever()
  File "C:\Users\jaideepvm\AppData\Local\Programs\Python\Python312\Lib\asyncio\base_events.py", line 645, in run_forever
    self._run_once()
  File "C:\Users\jaideepvm\AppData\Local\Programs\Python\Python312\Lib\asyncio\base_events.py", line 1999, in _run_once
    handle._run()
  File "C:\Users\jaideepvm\AppData\Local\Programs\Python\Python312\Lib\asyncio\events.py", line 88, in _run
    self._context.run(self._callback, *self._args)
  File "C:\Users\jaideepvm\AppData\Local\Programs\Python\Python312\Lib\site-packages\uvicorn\lifespan\on.py", line 86, in main
    await app(scope, self.receive, self.send)
  File "C:\Users\jaideepvm\AppData\Local\Programs\Python\Python312\Lib\site-packages\uvicorn\middleware\proxy_headers.py", line 29, in __call__
    return await self.app(scope, receive, send)
  File "C:\Users\jaideepvm\AppData\Local\Programs\Python\Python312\Lib\site-packages\fastapi\applications.py", line 1054, in __call__
    await super().__call__(scope, receive, send)
  File "C:\Users\jaideepvm\AppData\Local\Programs\Python\Python312\Lib\site-packages\starlette\applications.py", line 112, in __call__
    await self.middleware_stack(scope, receive, send)
  File "C:\Users\jaideepvm\AppData\Local\Programs\Python\Python312\Lib\site-packages\starlette\middleware\errors.py", line 152, in __call__
    await self.app(scope, receive, send)
  File "C:\Users\jaideepvm\AppData\Local\Programs\Python\Python312\Lib\site-packages\starlette\middleware\cors.py", line 77, in __call__
    await self.app(scope, receive, send)
  File "C:\Users\jaideepvm\AppData\Local\Programs\Python\Python312\Lib\site-packages\starlette\middleware\exceptions.py", line 48, in __call__
    await self.app(scope, receive, send)
  File "C:\Users\jaideepvm\AppData\Local\Programs\Python\Python312\Lib\site-packages\starlette\routing.py", line 715, in __call__
    await self.middleware_stack(scope, receive, send)
  File "C:\Users\jaideepvm\AppData\Local\Programs\Python\Python312\Lib\site-packages\starlette\routing.py", line 724, in app
    await self.lifespan(scope, receive, send)
  File "C:\Users\jaideepvm\AppData\Local\Programs\Python\Python312\Lib\site-packages\starlette\routing.py", line 693, in lifespan
    async with self.lifespan_context(app) as maybe_state:
  File "C:\Users\jaideepvm\AppData\Local\Programs\Python\Python312\Lib\contextlib.py", line 210, in __aenter__
    return await anext(self.gen)
  File "C:\Users\jaideepvm\AppData\Local\Programs\Python\Python312\Lib\site-packages\fastapi\routing.py", line 133, in merged_lifespan
    async with original_context(app) as maybe_original_state:
  File "C:\Users\jaideepvm\AppData\Local\Programs\Python\Python312\Lib\contextlib.py", line 210, in __aenter__
    return await anext(self.gen)
  File "C:\Users\jaideepvm\AppData\Local\Programs\Python\Python312\Lib\site-packages\fastapi\routing.py", line 133, in merged_lifespan
    async with original_context(app) as maybe_original_state:
  File "C:\Users\jaideepvm\AppData\Local\Programs\Python\Python312\Lib\contextlib.py", line 210, in __aenter__
    return await anext(self.gen)
  File "C:\Users\jaideepvm\AppData\Local\Programs\Python\Python312\Lib\site-packages\fastapi\routing.py", line 133, in merged_lifespan
    async with original_context(app) as maybe_original_state:
  File "C:\Users\jaideepvm\AppData\Local\Programs\Python\Python312\Lib\contextlib.py", line 210, in __aenter__
    return await anext(self.gen)
  File "C:\Users\jaideepvm\AppData\Local\Programs\Python\Python312\Lib\site-packages\fastapi\routing.py", line 133, in merged_lifespan
    async with original_context(app) as maybe_original_state:
  File "C:\Users\jaideepvm\AppData\Local\Programs\Python\Python312\Lib\site-packages\starlette\routing.py", line 569, in __aenter__
    await self._router.startup()
  File "C:\Users\jaideepvm\AppData\Local\Programs\Python\Python312\Lib\site-packages\starlette\routing.py", line 670, in startup
    await handler()
